<?xml version="1.0" encoding="UTF-8"?>
<!-- Generated by org.testng.reporters.JUnitXMLReporter -->
<testsuite ignored="0" hostname="EPINHYDW06DC" failures="3" tests="22" name="Test" time="0.098" errors="0" timestamp="2023-10-11T22:39:19 IST">
  <testcase classname="com.testng.BasicTestNGTest" name="testGreaterThan" time="0.01"/>
  <testcase classname="com.testng.BasicTestNGTest" name="testEquality" time="0.01"/>
  <testcase classname="com.testng.BasicTestNGTest" name="testAddition" time="0.01"/>
  <testcase classname="com.testng.BasicTestNGTest" name="testDivision" time="0.01"/>
  <testcase classname="com.testng.BasicTestNGTest" name="testFail" time="0.011">
    <failure type="java.lang.AssertionError" message="This test intentionally fails.">
      <![CDATA[java.lang.AssertionError: This test intentionally fails.
at com.testng.BasicTestNGTest.testFail(BasicTestNGTest.java:74)
at java.base/java.util.concurrent.ThreadPoolExecutor.runWorker(ThreadPoolExecutor.java:1144)
at java.base/java.util.concurrent.ThreadPoolExecutor$Worker.run(ThreadPoolExecutor.java:642)
at java.base/java.lang.Thread.run(Thread.java:1589)
... Removed 11 stack frames]]>
    </failure>
  </testcase> <!-- testFail -->
  <testcase classname="com.testng.BasicTestNGTest" name="testSubtraction" time="0.001"/>
  <testcase classname="com.testng.BasicTestNGTest" name="testMultiplication" time="0.001"/>
  <testcase classname="com.testng.BasicTestNGTest" name="testNotNull" time="0.004"/>
  <testcase classname="com.testng.BasicTestNGTest" name="testNull" time="0.002"/>
  <testcase classname="com.testng.BasicTestNGTest" name="testLessThan" time="0.002"/>
  <testcase classname="com.testng.CalculatorTest" name="testAddition" time="0.001"/>
  <testcase classname="com.testng.CalculatorTest" name="testDivideByZero" time="0.0"/>
  <testcase classname="com.testng.CalculatorTest" name="testExpectedException" time="0.003"/>
  <testcase classname="com.testng.CalculatorTest" name="testSpecialCase" time="0.002"/>
  <testcase classname="com.testng.CalculatorTest" name="testMultiplication" time="0.002"/>
  <testcase classname="com.testng.CalculatorTest" name="testSubtraction" time="0.001"/>
  <testcase classname="com.testng.CalculatorTest" name="testAnotherParameterized" time="0.007"/>
  <testcase classname="com.testng.CalculatorTest" name="testDivision" time="0.007"/>
  <testcase classname="com.testng.CalculatorTest" name="testParameterized" time="0.0">
    <failure type="org.testng.TestNGException" message="
Parameter &amp;apos;param1&amp;apos; is required by @Test on method testParameterized but has not been marked @Optional or defined
in C:\Users\Vigneswaran_Eswaran\eclipse-workspace\EpamTestNGTasks\testng.xml">
      <![CDATA[org.testng.TestNGException: 
Parameter 'param1' is required by @Test on method testParameterized but has not been marked @Optional or defined
in C:\Users\Vigneswaran_Eswaran\eclipse-workspace\EpamTestNGTasks\testng.xml
at java.base/java.util.concurrent.ThreadPoolExecutor.runWorker(ThreadPoolExecutor.java:1144)
at java.base/java.util.concurrent.ThreadPoolExecutor$Worker.run(ThreadPoolExecutor.java:642)
at java.base/java.lang.Thread.run(Thread.java:1589)
... Removed 11 stack frames]]>
    </failure>
  </testcase> <!-- testParameterized -->
  <testcase classname="com.testng.CalculatorTest" name="testDivision" time="0.001"/>
  <testcase classname="com.testng.CalculatorTest" name="testDivision" time="0.001">
    <failure type="java.lang.ArithmeticException" message="Cannot divide by zero">
      <![CDATA[java.lang.ArithmeticException: Cannot divide by zero
at com.testng.Calculator.divide(Calculator.java:18)
at com.testng.CalculatorTest.testDivision(CalculatorTest.java:43)
at java.base/java.util.concurrent.ThreadPoolExecutor.runWorker(ThreadPoolExecutor.java:1144)
at java.base/java.util.concurrent.ThreadPoolExecutor$Worker.run(ThreadPoolExecutor.java:642)
at java.base/java.lang.Thread.run(Thread.java:1589)
... Removed 10 stack frames]]>
    </failure>
  </testcase> <!-- testDivision -->
  <testcase classname="com.testng.CalculatorTest" name="testDependentCase" time="0.0">
    <skipped/>
  </testcase> <!-- testDependentCase -->
</testsuite> <!-- Test -->
