<html>
<head>
<title>TestNG:  Test</title>
<link href="../testng.css" rel="stylesheet" type="text/css" />
<link href="../my-testng.css" rel="stylesheet" type="text/css" />

<style type="text/css">
.log { display: none;} 
.stack-trace { display: none;} 
</style>
<script type="text/javascript">
<!--
function flip(e) {
  current = e.style.display;
  if (current == 'block') {
    e.style.display = 'none';
    return 0;
  }
  else {
    e.style.display = 'block';
    return 1;
  }
}

function toggleBox(szDivId, elem, msg1, msg2)
{
  var res = -1;  if (document.getElementById) {
    res = flip(document.getElementById(szDivId));
  }
  else if (document.all) {
    // this is the way old msie versions work
    res = flip(document.all[szDivId]);
  }
  if(elem) {
    if(res == 0) elem.innerHTML = msg1; else elem.innerHTML = msg2;
  }

}

function toggleAllBoxes() {
  if (document.getElementsByTagName) {
    d = document.getElementsByTagName('div');
    for (i = 0; i < d.length; i++) {
      if (d[i].className == 'log') {
        flip(d[i]);
      }
    }
  }
}

// -->
</script>

</head>
<body>
<h2 align='center'>Test</h2><table border='1' align="center">
<tr>
<td>Tests passed/Failed/Skipped:</td><td>18/3/1</td>
</tr><tr>
<td>Started on:</td><td>Wed Oct 11 22:39:19 IST 2023</td>
</tr>
<tr><td>Total time:</td><td>0 seconds (98 ms)</td>
</tr><tr>
<td>Included groups:</td><td></td>
</tr><tr>
<td>Excluded groups:</td><td></td>
</tr>
</table><p/>
<small><i>(Hover the method name to see the test class name)</i></small><p/>
<table width='100%' border='1' class='invocation-failed'>
<tr><td colspan='4' align='center'><b>FAILED TESTS</b></td></tr>
<tr><td><b>Test method</b></td>
<td><b>Attribute(s)</b></td>
<td width="30%"><b>Exception</b></td>
<td width="10%"><b>Time (seconds)</b></td>
<td><b>Instance</b></td>
</tr>
<tr>
<td title='com.testng.CalculatorTest.testParameterized()'><b>testParameterized</b><br>Test class: com.testng.CalculatorTest</td>
<td><div><pre>org.testng.TestNGException: 
Parameter &apos;param1&apos; is required by @Test on method testParameterized but has not been marked @Optional or defined
in C:\Users\Vigneswaran_Eswaran\eclipse-workspace\EpamTestNGTasks\testng.xml
	at java.base/java.util.concurrent.ThreadPoolExecutor.runWorker(ThreadPoolExecutor.java:1144)
	at java.base/java.util.concurrent.ThreadPoolExecutor$Worker.run(ThreadPoolExecutor.java:642)
	at java.base/java.lang.Thread.run(Thread.java:1589)
... Removed 11 stack frames</pre></div><a href='#' onClick='toggleBox("stack-trace1993384155", this, "Click to show all stack frames", "Click to hide stack frames")'>Click to show all stack frames</a>
<div class='stack-trace' id='stack-trace1993384155'><pre>org.testng.TestNGException: 
Parameter &apos;param1&apos; is required by @Test on method testParameterized but has not been marked @Optional or defined
in C:\Users\Vigneswaran_Eswaran\eclipse-workspace\EpamTestNGTasks\testng.xml
	at org.testng.internal.Parameters.createParams(Parameters.java:267)
	at org.testng.internal.Parameters.createParametersForMethod(Parameters.java:355)
	at org.testng.internal.Parameters.createParameters(Parameters.java:684)
	at org.testng.internal.Parameters.handleParameters(Parameters.java:879)
	at org.testng.internal.Parameters.handleParameters(Parameters.java:728)
	at org.testng.internal.invokers.ParameterHandler.handleParameters(ParameterHandler.java:72)
	at org.testng.internal.invokers.ParameterHandler.createParameters(ParameterHandler.java:51)
	at org.testng.internal.invokers.TestInvoker$MethodInvocationAgent.invoke(TestInvoker.java:911)
	at org.testng.internal.invokers.TestInvoker.invokeTestMethods(TestInvoker.java:200)
	at org.testng.internal.invokers.TestMethodWorker.invokeTestMethods(TestMethodWorker.java:148)
	at org.testng.internal.invokers.TestMethodWorker.run(TestMethodWorker.java:128)
	at java.base/java.util.concurrent.ThreadPoolExecutor.runWorker(ThreadPoolExecutor.java:1144)
	at java.base/java.util.concurrent.ThreadPoolExecutor$Worker.run(ThreadPoolExecutor.java:642)
	at java.base/java.lang.Thread.run(Thread.java:1589)
</pre></div></td>
<td>0</td>
<td>com.testng.CalculatorTest@1ed6388a</td></tr>
<tr>
<td title='com.testng.CalculatorTest.testDivision()'><b>testDivision</b><br>Test class: com.testng.CalculatorTest<br>Parameters: 8, 0, 0</td>
<td><div><pre>java.lang.ArithmeticException: Cannot divide by zero
	at com.testng.Calculator.divide(Calculator.java:18)
	at com.testng.CalculatorTest.testDivision(CalculatorTest.java:43)
	at java.base/java.util.concurrent.ThreadPoolExecutor.runWorker(ThreadPoolExecutor.java:1144)
	at java.base/java.util.concurrent.ThreadPoolExecutor$Worker.run(ThreadPoolExecutor.java:642)
	at java.base/java.lang.Thread.run(Thread.java:1589)
... Removed 10 stack frames</pre></div><a href='#' onClick='toggleBox("stack-trace1366954676", this, "Click to show all stack frames", "Click to hide stack frames")'>Click to show all stack frames</a>
<div class='stack-trace' id='stack-trace1366954676'><pre>java.lang.ArithmeticException: Cannot divide by zero
	at com.testng.Calculator.divide(Calculator.java:18)
	at com.testng.CalculatorTest.testDivision(CalculatorTest.java:43)
	at java.base/jdk.internal.reflect.DirectMethodHandleAccessor.invoke(DirectMethodHandleAccessor.java:104)
	at java.base/java.lang.reflect.Method.invoke(Method.java:578)
	at org.testng.internal.invokers.MethodInvocationHelper.invokeMethod(MethodInvocationHelper.java:139)
	at org.testng.internal.invokers.TestInvoker.invokeMethod(TestInvoker.java:664)
	at org.testng.internal.invokers.TestInvoker.invokeTestMethod(TestInvoker.java:227)
	at org.testng.internal.invokers.MethodRunner.runInSequence(MethodRunner.java:50)
	at org.testng.internal.invokers.TestInvoker$MethodInvocationAgent.invoke(TestInvoker.java:957)
	at org.testng.internal.invokers.TestInvoker.invokeTestMethods(TestInvoker.java:200)
	at org.testng.internal.invokers.TestMethodWorker.invokeTestMethods(TestMethodWorker.java:148)
	at org.testng.internal.invokers.TestMethodWorker.run(TestMethodWorker.java:128)
	at java.base/java.util.concurrent.ThreadPoolExecutor.runWorker(ThreadPoolExecutor.java:1144)
	at java.base/java.util.concurrent.ThreadPoolExecutor$Worker.run(ThreadPoolExecutor.java:642)
	at java.base/java.lang.Thread.run(Thread.java:1589)
</pre></div></td>
<td>0</td>
<td>com.testng.CalculatorTest@1ed6388a</td></tr>
<tr>
<td title='com.testng.BasicTestNGTest.testFail()'><b>testFail</b><br>Test class: com.testng.BasicTestNGTest</td>
<td><div><pre>java.lang.AssertionError: This test intentionally fails.
	at com.testng.BasicTestNGTest.testFail(BasicTestNGTest.java:74)
	at java.base/java.util.concurrent.ThreadPoolExecutor.runWorker(ThreadPoolExecutor.java:1144)
	at java.base/java.util.concurrent.ThreadPoolExecutor$Worker.run(ThreadPoolExecutor.java:642)
	at java.base/java.lang.Thread.run(Thread.java:1589)
... Removed 11 stack frames</pre></div><a href='#' onClick='toggleBox("stack-trace149367528", this, "Click to show all stack frames", "Click to hide stack frames")'>Click to show all stack frames</a>
<div class='stack-trace' id='stack-trace149367528'><pre>java.lang.AssertionError: This test intentionally fails.
	at org.testng.Assert.fail(Assert.java:111)
	at com.testng.BasicTestNGTest.testFail(BasicTestNGTest.java:74)
	at java.base/jdk.internal.reflect.DirectMethodHandleAccessor.invoke(DirectMethodHandleAccessor.java:104)
	at java.base/java.lang.reflect.Method.invoke(Method.java:578)
	at org.testng.internal.invokers.MethodInvocationHelper.invokeMethod(MethodInvocationHelper.java:139)
	at org.testng.internal.invokers.TestInvoker.invokeMethod(TestInvoker.java:664)
	at org.testng.internal.invokers.TestInvoker.invokeTestMethod(TestInvoker.java:227)
	at org.testng.internal.invokers.MethodRunner.runInSequence(MethodRunner.java:50)
	at org.testng.internal.invokers.TestInvoker$MethodInvocationAgent.invoke(TestInvoker.java:957)
	at org.testng.internal.invokers.TestInvoker.invokeTestMethods(TestInvoker.java:200)
	at org.testng.internal.invokers.TestMethodWorker.invokeTestMethods(TestMethodWorker.java:148)
	at org.testng.internal.invokers.TestMethodWorker.run(TestMethodWorker.java:128)
	at java.base/java.util.concurrent.ThreadPoolExecutor.runWorker(ThreadPoolExecutor.java:1144)
	at java.base/java.util.concurrent.ThreadPoolExecutor$Worker.run(ThreadPoolExecutor.java:642)
	at java.base/java.lang.Thread.run(Thread.java:1589)
</pre></div></td>
<td>0</td>
<td>com.testng.BasicTestNGTest@f0da945</td></tr>
</table><p>
<table width='100%' border='1' class='invocation-passed'>
<tr><td colspan='4' align='center'><b>PASSED TESTS</b></td></tr>
<tr><td><b>Test method</b></td>
<td><b>Attribute(s)</b></td>
<td width="30%"><b>Exception</b></td>
<td width="10%"><b>Time (seconds)</b></td>
<td><b>Instance</b></td>
</tr>
<tr>
<td title='com.testng.CalculatorTest.testAddition()'><b>testAddition</b><br>Test class: com.testng.CalculatorTest</td>
<td></td>
<td>0</td>
<td>com.testng.CalculatorTest@1ed6388a</td></tr>
<tr>
<td title='com.testng.CalculatorTest.testSpecialCase()'><b>testSpecialCase</b><br>Test class: com.testng.CalculatorTest</td>
<td></td>
<td>0</td>
<td>com.testng.CalculatorTest@1ed6388a</td></tr>
<tr>
<td title='com.testng.CalculatorTest.testExpectedException()'><b>testExpectedException</b><br>Test class: com.testng.CalculatorTest</td>
<td><div><pre>java.lang.ArithmeticException: Cannot divide by zero
	at com.testng.Calculator.divide(Calculator.java:18)
	at com.testng.CalculatorTest.testExpectedException(CalculatorTest.java:93)
	at java.base/java.util.concurrent.ThreadPoolExecutor.runWorker(ThreadPoolExecutor.java:1144)
	at java.base/java.util.concurrent.ThreadPoolExecutor$Worker.run(ThreadPoolExecutor.java:642)
	at java.base/java.lang.Thread.run(Thread.java:1589)
... Removed 10 stack frames</pre></div><a href='#' onClick='toggleBox("stack-trace224302231", this, "Click to show all stack frames", "Click to hide stack frames")'>Click to show all stack frames</a>
<div class='stack-trace' id='stack-trace224302231'><pre>java.lang.ArithmeticException: Cannot divide by zero
	at com.testng.Calculator.divide(Calculator.java:18)
	at com.testng.CalculatorTest.testExpectedException(CalculatorTest.java:93)
	at java.base/jdk.internal.reflect.DirectMethodHandleAccessor.invoke(DirectMethodHandleAccessor.java:104)
	at java.base/java.lang.reflect.Method.invoke(Method.java:578)
	at org.testng.internal.invokers.MethodInvocationHelper.invokeMethod(MethodInvocationHelper.java:139)
	at org.testng.internal.invokers.TestInvoker.invokeMethod(TestInvoker.java:664)
	at org.testng.internal.invokers.TestInvoker.invokeTestMethod(TestInvoker.java:227)
	at org.testng.internal.invokers.MethodRunner.runInSequence(MethodRunner.java:50)
	at org.testng.internal.invokers.TestInvoker$MethodInvocationAgent.invoke(TestInvoker.java:957)
	at org.testng.internal.invokers.TestInvoker.invokeTestMethods(TestInvoker.java:200)
	at org.testng.internal.invokers.TestMethodWorker.invokeTestMethods(TestMethodWorker.java:148)
	at org.testng.internal.invokers.TestMethodWorker.run(TestMethodWorker.java:128)
	at java.base/java.util.concurrent.ThreadPoolExecutor.runWorker(ThreadPoolExecutor.java:1144)
	at java.base/java.util.concurrent.ThreadPoolExecutor$Worker.run(ThreadPoolExecutor.java:642)
	at java.base/java.lang.Thread.run(Thread.java:1589)
</pre></div></td>
<td>0</td>
<td>com.testng.CalculatorTest@1ed6388a</td></tr>
<tr>
<td title='com.testng.CalculatorTest.testAnotherParameterized()'><b>testAnotherParameterized</b><br>Test class: com.testng.CalculatorTest<br>Parameters: 1, 2, 3</td>
<td></td>
<td>0</td>
<td>com.testng.CalculatorTest@1ed6388a</td></tr>
<tr>
<td title='com.testng.CalculatorTest.testDivision()'><b>testDivision</b><br>Test class: com.testng.CalculatorTest<br>Parameters: 10, 2, 5</td>
<td></td>
<td>0</td>
<td>com.testng.CalculatorTest@1ed6388a</td></tr>
<tr>
<td title='com.testng.BasicTestNGTest.testGreaterThan()'><b>testGreaterThan</b><br>Test class: com.testng.BasicTestNGTest</td>
<td></td>
<td>0</td>
<td>com.testng.BasicTestNGTest@f0da945</td></tr>
<tr>
<td title='com.testng.BasicTestNGTest.testEquality()'><b>testEquality</b><br>Test class: com.testng.BasicTestNGTest</td>
<td></td>
<td>0</td>
<td>com.testng.BasicTestNGTest@f0da945</td></tr>
<tr>
<td title='com.testng.BasicTestNGTest.testDivision()'><b>testDivision</b><br>Test class: com.testng.BasicTestNGTest</td>
<td></td>
<td>0</td>
<td>com.testng.BasicTestNGTest@f0da945</td></tr>
<tr>
<td title='com.testng.BasicTestNGTest.testMultiplication()'><b>testMultiplication</b><br>Test class: com.testng.BasicTestNGTest</td>
<td></td>
<td>0</td>
<td>com.testng.BasicTestNGTest@f0da945</td></tr>
<tr>
<td title='com.testng.CalculatorTest.testDivideByZero()'><b>testDivideByZero</b><br>Test class: com.testng.CalculatorTest</td>
<td></td>
<td>0</td>
<td>com.testng.CalculatorTest@1ed6388a</td></tr>
<tr>
<td title='com.testng.BasicTestNGTest.testLessThan()'><b>testLessThan</b><br>Test class: com.testng.BasicTestNGTest</td>
<td></td>
<td>0</td>
<td>com.testng.BasicTestNGTest@f0da945</td></tr>
<tr>
<td title='com.testng.CalculatorTest.testMultiplication()'><b>testMultiplication</b><br>Test class: com.testng.CalculatorTest</td>
<td></td>
<td>0</td>
<td>com.testng.CalculatorTest@1ed6388a</td></tr>
<tr>
<td title='com.testng.CalculatorTest.testDivision()'><b>testDivision</b><br>Test class: com.testng.CalculatorTest<br>Parameters: 12, 4, 3</td>
<td></td>
<td>0</td>
<td>com.testng.CalculatorTest@1ed6388a</td></tr>
<tr>
<td title='com.testng.BasicTestNGTest.testNotNull()'><b>testNotNull</b><br>Test class: com.testng.BasicTestNGTest</td>
<td></td>
<td>0</td>
<td>com.testng.BasicTestNGTest@f0da945</td></tr>
<tr>
<td title='com.testng.BasicTestNGTest.testAddition()'><b>testAddition</b><br>Test class: com.testng.BasicTestNGTest</td>
<td></td>
<td>0</td>
<td>com.testng.BasicTestNGTest@f0da945</td></tr>
<tr>
<td title='com.testng.BasicTestNGTest.testNull()'><b>testNull</b><br>Test class: com.testng.BasicTestNGTest</td>
<td></td>
<td>0</td>
<td>com.testng.BasicTestNGTest@f0da945</td></tr>
<tr>
<td title='com.testng.BasicTestNGTest.testSubtraction()'><b>testSubtraction</b><br>Test class: com.testng.BasicTestNGTest</td>
<td></td>
<td>0</td>
<td>com.testng.BasicTestNGTest@f0da945</td></tr>
<tr>
<td title='com.testng.CalculatorTest.testSubtraction()'><b>testSubtraction</b><br>Test class: com.testng.CalculatorTest</td>
<td></td>
<td>0</td>
<td>com.testng.CalculatorTest@1ed6388a</td></tr>
</table><p>
<table width='100%' border='1' class='invocation-skipped'>
<tr><td colspan='4' align='center'><b>SKIPPED TESTS</b></td></tr>
<tr><td><b>Test method</b></td>
<td><b>Attribute(s)</b></td>
<td width="30%"><b>Exception</b></td>
<td width="10%"><b>Time (seconds)</b></td>
<td><b>Instance</b></td>
</tr>
<tr>
<td title='com.testng.CalculatorTest.testDependentCase()'><b>testDependentCase</b><br>Test class: com.testng.CalculatorTest</td>
<td><div><pre>java.lang.Throwable: Method CalculatorTest.testDependentCase()[pri:0, instance:com.testng.CalculatorTest@1ed6388a] depends on not successfully finished methods in group &quot;math&quot;
	at java.base/java.util.concurrent.ThreadPoolExecutor.runWorker(ThreadPoolExecutor.java:1144)
	at java.base/java.util.concurrent.ThreadPoolExecutor$Worker.run(ThreadPoolExecutor.java:642)
	at java.base/java.lang.Thread.run(Thread.java:1589)
... Removed 3 stack frames</pre></div><a href='#' onClick='toggleBox("stack-trace1597889558", this, "Click to show all stack frames", "Click to hide stack frames")'>Click to show all stack frames</a>
<div class='stack-trace' id='stack-trace1597889558'><pre>java.lang.Throwable: Method CalculatorTest.testDependentCase()[pri:0, instance:com.testng.CalculatorTest@1ed6388a] depends on not successfully finished methods in group &quot;math&quot;
	at org.testng.internal.invokers.TestInvoker.invokeTestMethods(TestInvoker.java:156)
	at org.testng.internal.invokers.TestMethodWorker.invokeTestMethods(TestMethodWorker.java:148)
	at org.testng.internal.invokers.TestMethodWorker.run(TestMethodWorker.java:128)
	at java.base/java.util.concurrent.ThreadPoolExecutor.runWorker(ThreadPoolExecutor.java:1144)
	at java.base/java.util.concurrent.ThreadPoolExecutor$Worker.run(ThreadPoolExecutor.java:642)
	at java.base/java.lang.Thread.run(Thread.java:1589)
</pre></div></td>
<td>0</td>
<td>com.testng.CalculatorTest@1ed6388a</td></tr>
</table><p>
</body>
</html>