<?xml version="1.0" encoding="UTF-8"?>
<!-- Generated by org.testng.reporters.JUnitReportReporter -->
<testsuite hostname="EPINHYDW06DC" failures="1" tests="10" name="com.testng.BasicTestNGTest" time="0.120" errors="0" timestamp="2023-10-11T22:39:19 IST" skipped="0">
  <testcase classname="com.testng.BasicTestNGTest" name="testMultiplication" time="0.012"/>
  <testcase classname="com.testng.BasicTestNGTest" name="testLessThan" time="0.013"/>
  <testcase classname="com.testng.BasicTestNGTest" name="testNotNull" time="0.004"/>
  <testcase classname="com.testng.BasicTestNGTest" name="testAddition" time="0.012"/>
  <testcase classname="com.testng.BasicTestNGTest" name="testNull" time="0.002"/>
  <testcase classname="com.testng.BasicTestNGTest" name="testGreaterThan" time="0.021"/>
  <testcase classname="com.testng.BasicTestNGTest" name="testEquality" time="0.021"/>
  <testcase classname="com.testng.BasicTestNGTest" name="testDivision" time="0.011"/>
  <testcase classname="com.testng.BasicTestNGTest" name="testSubtraction" time="0.002"/>
  <testcase classname="com.testng.BasicTestNGTest" name="testFail" time="0.022">
    <failure message="This test intentionally fails." type="java.lang.AssertionError">
      <![CDATA[java.lang.AssertionError: This test intentionally fails.
at org.testng.Assert.fail(Assert.java:111)
at com.testng.BasicTestNGTest.testFail(BasicTestNGTest.java:74)
at java.base/jdk.internal.reflect.DirectMethodHandleAccessor.invoke(DirectMethodHandleAccessor.java:104)
at java.base/java.lang.reflect.Method.invoke(Method.java:578)
at org.testng.internal.invokers.MethodInvocationHelper.invokeMethod(MethodInvocationHelper.java:139)
at org.testng.internal.invokers.TestInvoker.invokeMethod(TestInvoker.java:664)
at org.testng.internal.invokers.TestInvoker.invokeTestMethod(TestInvoker.java:227)
at org.testng.internal.invokers.MethodRunner.runInSequence(MethodRunner.java:50)
at org.testng.internal.invokers.TestInvoker$MethodInvocationAgent.invoke(TestInvoker.java:957)
at org.testng.internal.invokers.TestInvoker.invokeTestMethods(TestInvoker.java:200)
at org.testng.internal.invokers.TestMethodWorker.invokeTestMethods(TestMethodWorker.java:148)
at org.testng.internal.invokers.TestMethodWorker.run(TestMethodWorker.java:128)
at java.base/java.util.concurrent.ThreadPoolExecutor.runWorker(ThreadPoolExecutor.java:1144)
at java.base/java.util.concurrent.ThreadPoolExecutor$Worker.run(ThreadPoolExecutor.java:642)
at java.base/java.lang.Thread.run(Thread.java:1589)
]]>
    </failure>
  </testcase> <!-- testFail -->
</testsuite> <!-- com.testng.BasicTestNGTest -->
