<?xml version="1.0" encoding="UTF-8"?>
<!-- Generated by org.testng.reporters.JUnitReportReporter -->
<testsuite hostname="EPINHYDW06DC" failures="0" tests="12" name="com.testng.CalculatorTest" time="0.025" errors="2" timestamp="2023-10-11T22:39:19 IST" skipped="1">
  <testcase classname="com.testng.CalculatorTest" name="testAddition" time="0.001"/>
  <testcase classname="com.testng.CalculatorTest" name="testDivideByZero" time="0.000"/>
  <testcase classname="com.testng.CalculatorTest" name="testSpecialCase" time="0.002"/>
  <testcase classname="com.testng.CalculatorTest" name="testMultiplication" time="0.002"/>
  <testcase classname="com.testng.CalculatorTest" name="testDivision" time="0.001"/>
  <testcase classname="com.testng.CalculatorTest" name="testExpectedException" time="0.003"/>
  <testcase classname="com.testng.CalculatorTest" name="testAnotherParameterized" time="0.007"/>
  <testcase classname="com.testng.CalculatorTest" name="testDivision" time="0.007"/>
  <testcase classname="com.testng.CalculatorTest" name="testParameterized" time="0.000">
    <error message="
Parameter &#039;param1&#039; is required by @Test on method testParameterized but has not been marked @Optional or defined
in C:\Users\Vigneswaran_Eswaran\eclipse-workspace\EpamTestNGTasks\testng.xml" type="org.testng.TestNGException">
      <![CDATA[org.testng.TestNGException: 
Parameter 'param1' is required by @Test on method testParameterized but has not been marked @Optional or defined
in C:\Users\Vigneswaran_Eswaran\eclipse-workspace\EpamTestNGTasks\testng.xml
at org.testng.internal.Parameters.createParams(Parameters.java:267)
at org.testng.internal.Parameters.createParametersForMethod(Parameters.java:355)
at org.testng.internal.Parameters.createParameters(Parameters.java:684)
at org.testng.internal.Parameters.handleParameters(Parameters.java:879)
at org.testng.internal.Parameters.handleParameters(Parameters.java:728)
at org.testng.internal.invokers.ParameterHandler.handleParameters(ParameterHandler.java:72)
at org.testng.internal.invokers.ParameterHandler.createParameters(ParameterHandler.java:51)
at org.testng.internal.invokers.TestInvoker$MethodInvocationAgent.invoke(TestInvoker.java:911)
at org.testng.internal.invokers.TestInvoker.invokeTestMethods(TestInvoker.java:200)
at org.testng.internal.invokers.TestMethodWorker.invokeTestMethods(TestMethodWorker.java:148)
at org.testng.internal.invokers.TestMethodWorker.run(TestMethodWorker.java:128)
at java.base/java.util.concurrent.ThreadPoolExecutor.runWorker(ThreadPoolExecutor.java:1144)
at java.base/java.util.concurrent.ThreadPoolExecutor$Worker.run(ThreadPoolExecutor.java:642)
at java.base/java.lang.Thread.run(Thread.java:1589)
]]>
    </error>
  </testcase> <!-- testParameterized -->
  <testcase classname="com.testng.CalculatorTest" name="testDependentCase" time="0.000">
    <skipped/>
  </testcase> <!-- testDependentCase -->
  <testcase classname="com.testng.CalculatorTest" name="testDivision" time="0.001">
    <error message="Cannot divide by zero" type="java.lang.ArithmeticException">
      <![CDATA[java.lang.ArithmeticException: Cannot divide by zero
at com.testng.Calculator.divide(Calculator.java:18)
at com.testng.CalculatorTest.testDivision(CalculatorTest.java:43)
at java.base/jdk.internal.reflect.DirectMethodHandleAccessor.invoke(DirectMethodHandleAccessor.java:104)
at java.base/java.lang.reflect.Method.invoke(Method.java:578)
at org.testng.internal.invokers.MethodInvocationHelper.invokeMethod(MethodInvocationHelper.java:139)
at org.testng.internal.invokers.TestInvoker.invokeMethod(TestInvoker.java:664)
at org.testng.internal.invokers.TestInvoker.invokeTestMethod(TestInvoker.java:227)
at org.testng.internal.invokers.MethodRunner.runInSequence(MethodRunner.java:50)
at org.testng.internal.invokers.TestInvoker$MethodInvocationAgent.invoke(TestInvoker.java:957)
at org.testng.internal.invokers.TestInvoker.invokeTestMethods(TestInvoker.java:200)
at org.testng.internal.invokers.TestMethodWorker.invokeTestMethods(TestMethodWorker.java:148)
at org.testng.internal.invokers.TestMethodWorker.run(TestMethodWorker.java:128)
at java.base/java.util.concurrent.ThreadPoolExecutor.runWorker(ThreadPoolExecutor.java:1144)
at java.base/java.util.concurrent.ThreadPoolExecutor$Worker.run(ThreadPoolExecutor.java:642)
at java.base/java.lang.Thread.run(Thread.java:1589)
]]>
    </error>
  </testcase> <!-- testDivision -->
  <testcase classname="com.testng.CalculatorTest" name="testSubtraction" time="0.001"/>
</testsuite> <!-- com.testng.CalculatorTest -->
